TN:
SF:/Users/sonny/Dropbox/HR/REMOTE/Junior/FEC/sonny-service/client/components/Review.jsx
FN:4,(anonymous_0)
FN:14,(anonymous_1)
FN:26,(anonymous_2)
FN:35,(anonymous_3)
FN:44,(anonymous_4)
FN:50,(anonymous_5)
FN:66,(anonymous_6)
FN:72,(anonymous_7)
FNF:8
FNH:0
FNDA:0,(anonymous_0)
FNDA:0,(anonymous_1)
FNDA:0,(anonymous_2)
FNDA:0,(anonymous_3)
FNDA:0,(anonymous_4)
FNDA:0,(anonymous_5)
FNDA:0,(anonymous_6)
FNDA:0,(anonymous_7)
DA:1,1
DA:5,0
DA:6,0
DA:10,0
DA:15,0
DA:16,0
DA:18,0
DA:19,0
DA:21,0
DA:27,0
DA:28,0
DA:30,0
DA:36,0
DA:37,0
DA:39,0
DA:45,0
DA:51,0
DA:52,0
DA:54,0
DA:55,0
DA:57,0
DA:58,0
DA:60,0
DA:61,0
DA:63,0
DA:67,0
DA:75,0
DA:78,0
DA:79,0
DA:80,0
DA:87,0
DA:88,0
DA:97,0
DA:103,0
DA:104,0
DA:106,0
DA:108,0
DA:123,1
LF:38
LH:2
BRDA:15,0,0,0
BRDA:15,0,1,0
BRDA:18,1,0,0
BRDA:18,1,1,0
BRDA:27,2,0,0
BRDA:27,2,1,0
BRDA:36,3,0,0
BRDA:36,3,1,0
BRDA:51,4,0,0
BRDA:51,4,1,0
BRDA:51,5,0,0
BRDA:51,5,1,0
BRDA:54,6,0,0
BRDA:54,6,1,0
BRDA:54,7,0,0
BRDA:54,7,1,0
BRDA:57,8,0,0
BRDA:57,8,1,0
BRDA:60,9,0,0
BRDA:60,9,1,0
BRDA:75,10,0,0
BRDA:75,10,1,0
BRDA:78,11,0,0
BRDA:78,11,1,0
BRDA:79,12,0,0
BRDA:79,12,1,0
BRDA:87,13,0,0
BRDA:87,13,1,0
BRF:28
BRH:0
end_of_record
TN:
SF:/Users/sonny/Dropbox/HR/REMOTE/Junior/FEC/sonny-service/client/components/Reviews.jsx
FN:9,(anonymous_0)
FN:17,(anonymous_1)
FN:22,(anonymous_2)
FN:25,(anonymous_3)
FN:31,(anonymous_4)
FN:32,(anonymous_5)
FN:34,(anonymous_6)
FN:45,(anonymous_7)
FN:53,(anonymous_8)
FNF:9
FNH:4
FNDA:1,(anonymous_0)
FNDA:1,(anonymous_1)
FNDA:0,(anonymous_2)
FNDA:0,(anonymous_3)
FNDA:1,(anonymous_4)
FNDA:0,(anonymous_5)
FNDA:0,(anonymous_6)
FNDA:1,(anonymous_7)
FNDA:0,(anonymous_8)
DA:1,1
DA:2,1
DA:3,1
DA:4,1
DA:5,1
DA:6,1
DA:10,1
DA:11,1
DA:18,1
DA:23,0
DA:26,0
DA:32,1
DA:33,0
DA:35,0
DA:36,0
DA:38,0
DA:46,1
DA:47,1
DA:54,0
DA:74,1
LF:20
LH:13
BRDA:35,0,0,0
BRDA:35,0,1,0
BRF:2
BRH:0
end_of_record
TN:
SF:/Users/sonny/Dropbox/HR/REMOTE/Junior/FEC/sonny-service/client/components/Search.jsx
FN:6,(anonymous_0)
FN:14,(anonymous_1)
FN:16,(anonymous_2)
FN:25,(anonymous_3)
FN:28,(anonymous_4)
FNF:5
FNH:0
FNDA:0,(anonymous_0)
FNDA:0,(anonymous_1)
FNDA:0,(anonymous_2)
FNDA:0,(anonymous_3)
FNDA:0,(anonymous_4)
DA:1,1
DA:2,1
DA:3,1
DA:7,0
DA:8,0
DA:11,0
DA:15,0
DA:16,0
DA:17,0
DA:18,0
DA:22,0
DA:26,0
DA:28,0
DA:34,1
LF:14
LH:4
BRDA:17,0,0,0
BRDA:17,0,1,0
BRDA:17,1,0,0
BRDA:17,1,1,0
BRF:4
BRH:0
end_of_record
TN:
SF:/Users/sonny/Dropbox/HR/REMOTE/Junior/FEC/sonny-service/client/components/allReviews.jsx
FN:8,(anonymous_0)
FN:22,(anonymous_1)
FN:31,(anonymous_2)
FN:37,(anonymous_3)
FN:43,(anonymous_4)
FN:53,(anonymous_5)
FN:69,(anonymous_6)
FN:72,(anonymous_7)
FN:87,(anonymous_8)
FN:106,(anonymous_9)
FNF:10
FNH:0
FNDA:0,(anonymous_0)
FNDA:0,(anonymous_1)
FNDA:0,(anonymous_2)
FNDA:0,(anonymous_3)
FNDA:0,(anonymous_4)
FNDA:0,(anonymous_5)
FNDA:0,(anonymous_6)
FNDA:0,(anonymous_7)
FNDA:0,(anonymous_8)
FNDA:0,(anonymous_9)
DA:1,1
DA:2,1
DA:3,1
DA:4,1
DA:9,0
DA:10,0
DA:16,0
DA:17,0
DA:18,0
DA:23,0
DA:24,0
DA:32,0
DA:34,0
DA:35,0
DA:37,0
DA:38,0
DA:43,0
DA:44,0
DA:54,0
DA:60,0
DA:61,0
DA:72,0
DA:73,0
DA:74,0
DA:76,0
DA:80,0
DA:88,0
DA:108,0
DA:109,0
DA:110,0
DA:112,0
DA:117,1
LF:32
LH:5
BRDA:23,0,0,0
BRDA:23,0,1,0
BRDA:34,1,0,0
BRDA:34,1,1,0
BRDA:35,2,0,0
BRDA:35,2,1,0
BRDA:60,3,0,0
BRDA:60,3,1,0
BRDA:73,4,0,0
BRDA:73,4,1,0
BRDA:73,5,0,0
BRDA:73,5,1,0
BRDA:108,6,0,0
BRDA:108,6,1,0
BRF:14
BRH:0
end_of_record
